[2025-12-17 07:54:41] === AUTO-COMMIT HOOK TRIGGERED ===
[2025-12-17 07:54:41] Task name: Hook Configuration and Testing
[2025-12-17 07:54:41] Task number: 6
[2025-12-17 07:54:41] Spec name: parareal-time-parallelization
[2025-12-17 07:54:41] Working directory: /Users/Daily/Development/H3
[2025-12-17 07:54:41] User: keno
[2025-12-17 07:54:41] Arguments: Hook Configuration and Testing 6 parareal-time-parallelization
[2025-12-17 07:54:41] Current branch: feature/parareal-time-parallelization
[2025-12-17 07:54:41] Staging changes...
[2025-12-17 07:54:41] Committing changes...
[2025-12-17 07:54:41] Pushing to remote...
[2025-12-17 07:54:42] Successfully pushed to origin/feature/parareal-time-parallelization
[2025-12-17 07:54:42] Auto-commit completed successfully
[2025-12-17 07:58:33] === AUTO-COMMIT HOOK TRIGGERED ===
[2025-12-17 07:58:33] Task name: Kiro IDE Autofix - Hook Configuration Updates
[2025-12-17 07:58:33] Task number: 
[2025-12-17 07:58:33] Spec name: parareal-time-parallelization
[2025-12-17 07:58:33] Working directory: /Users/Daily/Development/H3
[2025-12-17 07:58:33] User: keno
[2025-12-17 07:58:33] Arguments: Kiro IDE Autofix - Hook Configuration Updates  parareal-time-parallelization
[2025-12-17 07:58:33] Current branch: feature/parareal-time-parallelization
[2025-12-17 07:58:33] Staging changes...
[2025-12-17 07:58:33] Committing changes...
[2025-12-17 07:58:33] Pushing to remote...
[2025-12-17 07:58:34] Successfully pushed to origin/feature/parareal-time-parallelization
[2025-12-17 07:58:34] Auto-commit completed successfully
